{"level":"info","message":"POST /login","timestamp":"2024-01-28 18:31:02"}
{"level":"info","message":"GET /recetasRecomendadas/30","timestamp":"2024-01-28 18:31:08"}
{"level":"info","message":"POST /agregarIngrediente","timestamp":"2024-01-28 18:31:17"}
{"level":"info","message":"POST /agregarIngrediente","timestamp":"2024-01-28 18:31:23"}
{"level":"info","message":"POST /agregarIngrediente","timestamp":"2024-01-28 18:31:30"}
{"level":"info","message":"POST /agregarIngrediente","timestamp":"2024-01-28 18:31:38"}
{"level":"info","message":"POST /recomendarRecetas","timestamp":"2024-01-28 18:31:41"}
{"level":"info","message":"GET /recomendaciones-semanales","timestamp":"2024-01-28 18:31:53"}
{"level":"info","message":"GET /estadisticas/ingredientes-populares","timestamp":"2024-01-28 18:42:43"}
{"level":"info","message":"POST /login","timestamp":"2024-01-28 19:33:23"}
{"level":"info","message":"GET /usuarios","timestamp":"2024-01-28 19:38:03"}
{"level":"info","message":"POST /login","timestamp":"2024-01-28 20:32:46"}
{"level":"info","message":"GET /recetasRecomendadas/30","timestamp":"2024-01-28 20:32:49"}
{"level":"info","message":"GET /recomendaciones-semanales","timestamp":"2024-01-28 20:32:53"}
{"level":"info","message":"POST /register","timestamp":"2024-01-28 20:39:10"}
{"level":"info","message":"POST /login","timestamp":"2024-01-28 20:40:25"}
{"level":"info","message":"GET /recetasRecomendadas/31","timestamp":"2024-01-28 20:40:39"}
{"level":"info","message":"POST /agregarIngrediente","timestamp":"2024-01-28 20:40:58"}
{"level":"info","message":"POST /agregarIngrediente","timestamp":"2024-01-28 20:41:07"}
{"level":"info","message":"POST /agregarIngrediente","timestamp":"2024-01-28 20:41:15"}
{"level":"info","message":"POST /agregarIngrediente","timestamp":"2024-01-28 20:41:24"}
{"level":"info","message":"POST /agregarIngrediente","timestamp":"2024-01-28 20:42:02"}
{"level":"info","message":"POST /recomendarRecetas","timestamp":"2024-01-28 20:42:07"}
{"level":"info","message":"POST /login","timestamp":"2024-01-28 20:43:18"}
{"level":"info","message":"GET /recetasRecomendadas/28","timestamp":"2024-01-28 20:43:24"}
{"level":"info","message":"POST /login","timestamp":"2024-01-28 20:43:38"}
{"level":"info","message":"GET /recetasRecomendadas/29","timestamp":"2024-01-28 20:43:40"}
{"level":"info","message":"POST /login","timestamp":"2024-01-28 20:43:48"}
{"level":"info","message":"GET /recetasRecomendadas/31","timestamp":"2024-01-28 20:43:50"}
{"level":"info","message":"GET /recomendaciones-semanales","timestamp":"2024-01-28 20:44:01"}
{"level":"info","message":"POST /login","timestamp":"2024-02-10 11:20:32"}
{"level":"info","message":"POST /login","timestamp":"2024-02-10 11:29:54"}
{"level":"info","message":"POST /login","timestamp":"2024-02-10 11:30:00"}
{"level":"info","message":"POST /register","timestamp":"2024-02-10 11:30:23"}
{"level":"info","message":"POST /register","timestamp":"2024-02-10 11:32:00"}
{"level":"info","message":"POST /login","timestamp":"2024-02-10 11:32:11"}
{"level":"info","message":"GET /recetasRecomendadas/28","timestamp":"2024-02-10 11:32:24"}
{"level":"info","message":"POST /agregarIngrediente","timestamp":"2024-02-10 11:32:32"}
{"level":"info","message":"POST /agregarIngrediente","timestamp":"2024-02-10 11:32:40"}
{"level":"info","message":"POST /recomendarRecetas","timestamp":"2024-02-10 11:32:43"}
